#
# There is insufficient memory for the Java Runtime Environment to continue.
# Native memory allocation (mmap) failed to map 132120576 bytes for G1 virtual space
# Possible reasons:
#   The system is out of physical RAM or swap space
#   The process is running with CompressedOops enabled, and the Java Heap may be blocking the growth of the native heap
# Possible solutions:
#   Reduce memory load on the system
#   Increase physical memory or swap space
#   Check if swap backing store is full
#   Decrease Java heap size (-Xmx/-Xms)
#   Decrease number of Java threads
#   Decrease Java thread stack sizes (-Xss)
#   Set larger code cache with -XX:ReservedCodeCacheSize=
#   JVM is running with Unscaled Compressed Oops mode in which the Java heap is
#     placed in the first 4GB address space. The Java Heap base address is the
#     maximum limit for the native heap growth. Please use -XX:HeapBaseMinAddress
#     to set the Java Heap base and to place the Java Heap above 4GB virtual address.
# This output file may be truncated or incomplete.
#
#  Out of Memory Error (os_windows.cpp:3550), pid=5848, tid=2652
#
# JRE version:  (17.0.7+8) (build )
# Java VM: Java HotSpot(TM) 64-Bit Server VM (17.0.7+8-LTS-224, mixed mode, sharing, tiered, compressed oops, compressed class ptrs, g1 gc, windows-amd64)
# No core dump will be written. Minidumps are not enabled by default on client versions of Windows
#

---------------  S U M M A R Y ------------

Command Line: -javaagent:C:\Program Files\JetBrains\IntelliJ IDEA Community Edition 2023.1.2\lib\idea_rt.jar=52666:C:\Program Files\JetBrains\IntelliJ IDEA Community Edition 2023.1.2\bin -Dfile.encoding=UTF-8 com.example.kotlindemo.KotlinDemoApplicationKt

Host: Intel(R) Core(TM) i5-10400 CPU @ 2.90GHz, 12 cores, 7G,  Windows 11 , 64 bit Build 22000 (10.0.22000.2003)
Time: Tue Jun 13 20:27:06 2023 Hora oficial do Brasil elapsed time: 0.010114 seconds (0d 0h 0m 0s)

---------------  T H R E A D  ---------------

Current thread (0x00000247a46ac830):  JavaThread "Unknown thread" [_thread_in_vm, id=2652, stack(0x0000005f15100000,0x0000005f15200000)]

Stack: [0x0000005f15100000,0x0000005f15200000]
Native frames: (J=compiled Java code, j=interpreted, Vv=VM code, C=native code)
V  [jvm.dll+0x676a4a]
V  [jvm.dll+0x7d74f4]
V  [jvm.dll+0x7d8c9e]
V  [jvm.dll+0x7d9303]
V  [jvm.dll+0x2452c5]
V  [jvm.dll+0x6738f9]
V  [jvm.dll+0x668232]
V  [jvm.dll+0x302826]
V  [jvm.dll+0x309da6]
V  [jvm.dll+0x35952e]
V  [jvm.dll+0x35975f]
V  [jvm.dll+0x2d9a38]
V  [jvm.dll+0x2da9a4]
V  [jvm.dll+0x7a8fb1]
V  [jvm.dll+0x3670e1]
V  [jvm.dll+0x788359]
V  [jvm.dll+0x3ea5ef]
V  [jvm.dll+0x3ec071]
C  [jli.dll+0x5297]
C  [ucrtbase.dll+0x26c0c]
C  [KERNEL32.DLL+0x155a0]
C  [ntdll.dll+0x485b]


---------------  P R O C E S S  ---------------

Threads class SMR info:
_java_thread_list=0x00007ffbdbc14998, length=0, elements={
}

Java Threads: ( => current thread )

Other Threads:
  0x00000247a4708a90 GCTaskThread "GC Thread#0" [stack: 0x0000005f15200000,0x0000005f15300000] [id=5572]
  0x00000247a4719390 ConcurrentGCThread "G1 Main Marker" [stack: 0x0000005f15300000,0x0000005f15400000] [id=8184]
  0x00000247a4719e00 ConcurrentGCThread "G1 Conc#0" [stack: 0x0000005f15400000,0x0000005f15500000] [id=6440]

[error occurred during error reporting (printing all threads), id 0xc0000005, EXCEPTION_ACCESS_VIOLATION (0xc0000005) at pc=0x00007ffbdb44a697]

VM state: not at safepoint (not fully initialized)

VM Mutex/Monitor currently owned by a thread:  ([mutex/lock_event])
[0x00000247a46a8b00] Heap_lock - owner thread: 0x00000247a46ac830

Heap address: 0x0000000082a00000, size: 2006 MB, Compressed Oops mode: 32-bit

CDS archive(s) mapped at: [0x0000000000000000-0x0000000000000000-0x0000000000000000), size 0, SharedBaseAddress: 0x0000000800000000, ArchiveRelocationMode: 0.
Narrow klass base: 0x0000000000000000, Narrow klass shift: 0, Narrow klass range: 0x0

GC Precious Log:
<Empty>

Heap:
 garbage-first heap   total 0K, used 0K [0x0000000082a00000, 0x0000000100000000)
  region size 1024K, 0 young (0K), 0 survivors (0K)

[error occurred during error reporting (printing heap information), id 0xc0000005, EXCEPTION_ACCESS_VIOLATION (0xc0000005) at pc=0x00007ffbdb8300b9]

GC Heap History (0 events):
No events

Deoptimization events (0 events):
No events

Classes unloaded (0 events):
No events

Classes redefined (0 events):
No events

Internal exceptions (0 events):
No events

VM Operations (0 events):
No events

Events (1 events):
Event: 0.006 Loaded shared library C:\Program Files\Java\jdk-17\bin\java.dll


Dynamic libraries:
0x00007ff60a050000 - 0x00007ff60a060000 	C:\Program Files\Java\jdk-17\bin\java.exe
0x00007ffc19760000 - 0x00007ffc19969000 	C:\Windows\SYSTEM32\ntdll.dll
0x00007ffc187d0000 - 0x00007ffc1888e000 	C:\Windows\System32\KERNEL32.DLL
0x00007ffc16dc0000 - 0x00007ffc17144000 	C:\Windows\System32\KERNELBASE.dll
0x00007ffc171d0000 - 0x00007ffc172e1000 	C:\Windows\System32\ucrtbase.dll
0x00007ffc10220000 - 0x00007ffc10239000 	C:\Program Files\Java\jdk-17\bin\jli.dll
0x00007ffc0fe20000 - 0x00007ffc0fe3b000 	C:\Program Files\Java\jdk-17\bin\VCRUNTIME140.dll
0x00007ffc17ee0000 - 0x00007ffc17f8f000 	C:\Windows\System32\ADVAPI32.dll
0x00007ffc188d0000 - 0x00007ffc18973000 	C:\Windows\System32\msvcrt.dll
0x00007ffc19390000 - 0x00007ffc1942e000 	C:\Windows\System32\sechost.dll
0x00007ffc189a0000 - 0x00007ffc18ac1000 	C:\Windows\System32\RPCRT4.dll
0x00007ffc17620000 - 0x00007ffc177cd000 	C:\Windows\System32\USER32.dll
0x00007ffbf6280000 - 0x00007ffbf6525000 	C:\Windows\WinSxS\amd64_microsoft.windows.common-controls_6595b64144ccf1df_6.0.22000.120_none_9d947278b86cc467\COMCTL32.dll
0x00007ffc16c00000 - 0x00007ffc16c26000 	C:\Windows\System32\win32u.dll
0x00007ffc18890000 - 0x00007ffc188ba000 	C:\Windows\System32\GDI32.dll
0x00007ffc16ca0000 - 0x00007ffc16dbf000 	C:\Windows\System32\gdi32full.dll
0x00007ffc0f7e0000 - 0x00007ffc0f7ea000 	C:\Windows\SYSTEM32\VERSION.dll
0x00007ffc172f0000 - 0x00007ffc1738d000 	C:\Windows\System32\msvcp_win.dll
0x00007ffc195e0000 - 0x00007ffc19611000 	C:\Windows\System32\IMM32.DLL
0x00007ffc10810000 - 0x00007ffc1081c000 	C:\Program Files\Java\jdk-17\bin\vcruntime140_1.dll
0x00007ffbff310000 - 0x00007ffbff39e000 	C:\Program Files\Java\jdk-17\bin\msvcp140.dll
0x00007ffbdb160000 - 0x00007ffbdbd3d000 	C:\Program Files\Java\jdk-17\bin\server\jvm.dll
0x00007ffc188c0000 - 0x00007ffc188c8000 	C:\Windows\System32\PSAPI.DLL
0x00007ffc11d20000 - 0x00007ffc11d29000 	C:\Windows\SYSTEM32\WSOCK32.dll
0x00007ffbf7e20000 - 0x00007ffbf7e53000 	C:\Windows\SYSTEM32\WINMM.dll
0x00007ffc18760000 - 0x00007ffc187cf000 	C:\Windows\System32\WS2_32.dll
0x00007ffc15c70000 - 0x00007ffc15c88000 	C:\Windows\SYSTEM32\kernel.appcore.dll
0x00007ffc103f0000 - 0x00007ffc103fa000 	C:\Program Files\Java\jdk-17\bin\jimage.dll
0x00007ffc11780000 - 0x00007ffc119a1000 	C:\Windows\SYSTEM32\DBGHELP.DLL
0x00007ffc11560000 - 0x00007ffc11591000 	C:\Windows\SYSTEM32\dbgcore.DLL
0x00007ffc17150000 - 0x00007ffc171cf000 	C:\Windows\System32\bcryptPrimitives.dll
0x00007ffc106b0000 - 0x00007ffc106be000 	C:\Program Files\Java\jdk-17\bin\instrument.dll
0x00007ffc0b3b0000 - 0x00007ffc0b3d5000 	C:\Program Files\Java\jdk-17\bin\java.dll

dbghelp: loaded successfully - version: 4.0.5 - missing functions: none
symbol engine: initialized successfully - sym options: 0x614 - pdb path: .;C:\Program Files\Java\jdk-17\bin;C:\Windows\SYSTEM32;C:\Windows\WinSxS\amd64_microsoft.windows.common-controls_6595b64144ccf1df_6.0.22000.120_none_9d947278b86cc467;C:\Program Files\Java\jdk-17\bin\server

VM Arguments:
jvm_args: -javaagent:C:\Program Files\JetBrains\IntelliJ IDEA Community Edition 2023.1.2\lib\idea_rt.jar=52666:C:\Program Files\JetBrains\IntelliJ IDEA Community Edition 2023.1.2\bin -Dfile.encoding=UTF-8 
java_command: com.example.kotlindemo.KotlinDemoApplicationKt
java_class_path (initial): C:\Users\Administrador\Documents\GitHub\PataAmigaAPI\target\classes;C:\Users\Administrador\.m2\repository\org\springframework\boot\spring-boot-starter-data-jpa\2.5.5\spring-boot-starter-data-jpa-2.5.5.jar;C:\Users\Administrador\.m2\repository\org\springframework\boot\spring-boot-starter-aop\2.5.5\spring-boot-starter-aop-2.5.5.jar;C:\Users\Administrador\.m2\repository\org\aspectj\aspectjweaver\1.9.7\aspectjweaver-1.9.7.jar;C:\Users\Administrador\.m2\repository\org\springframework\boot\spring-boot-starter-jdbc\2.5.5\spring-boot-starter-jdbc-2.5.5.jar;C:\Users\Administrador\.m2\repository\com\zaxxer\HikariCP\4.0.3\HikariCP-4.0.3.jar;C:\Users\Administrador\.m2\repository\org\springframework\spring-jdbc\5.3.10\spring-jdbc-5.3.10.jar;C:\Users\Administrador\.m2\repository\jakarta\transaction\jakarta.transaction-api\1.3.3\jakarta.transaction-api-1.3.3.jar;C:\Users\Administrador\.m2\repository\jakarta\persistence\jakarta.persistence-api\2.2.3\jakarta.persistence-api-2.2.3.jar;C:\Users\Administrador\.m2\repository\org\hibernate\hibernate-core\5.4.32.Final\hibernate-core-5.4.32.Final.jar;C:\Users\Administrador\.m2\repository\org\jboss\logging\jboss-logging\3.4.2.Final\jboss-logging-3.4.2.Final.jar;C:\Users\Administrador\.m2\repository\org\javassist\javassist\3.27.0-GA\javassist-3.27.0-GA.jar;C:\Users\Administrador\.m2\repository\net\bytebuddy\byte-buddy\1.10.22\byte-buddy-1.10.22.jar;C:\Users\Administrador\.m2\repository\antlr\antlr\2.7.7\antlr-2.7.7.jar;C:\Users\Administrador\.m2\repository\org\jboss\jandex\2.2.3.Final\jandex-2.2.3.Final.jar;C:\Users\Administrador\.m2\repository\com\fasterxml\classmate\1.5.1\classmate-1.5.1.jar;C:\Users\Administrador\.m2\repository\org\dom4j\dom4j\2.1.3\dom4j-2.1.3.jar;C:\Users\Administrador\.m2\repository\org\hibernate\common\hibernate-commons-annotations\5.1.2.Final\hibernate-commons-annotations-5.1.2.Final.jar;C:\Users\Administrador\.m2\repository\org\glassfish\jaxb\jaxb-runtime\2.3.5\jaxb-runtime-2.3.5.jar;C:\
Launcher Type: SUN_STANDARD

[Global flags]
     intx CICompilerCount                          = 4                                         {product} {ergonomic}
     uint ConcGCThreads                            = 3                                         {product} {ergonomic}
     uint G1ConcRefinementThreads                  = 10                                        {product} {ergonomic}
   size_t G1HeapRegionSize                         = 1048576                                   {product} {ergonomic}
    uintx GCDrainStackTargetSize                   = 64                                        {product} {ergonomic}
   size_t InitialHeapSize                          = 132120576                                 {product} {ergonomic}
   size_t MarkStackSize                            = 4194304                                   {product} {ergonomic}
   size_t MaxHeapSize                              = 2103443456                                {product} {ergonomic}
   size_t MinHeapDeltaBytes                        = 1048576                                   {product} {ergonomic}
   size_t MinHeapSize                              = 8388608                                   {product} {ergonomic}
    uintx NonNMethodCodeHeapSize                   = 5839372                                {pd product} {ergonomic}
    uintx NonProfiledCodeHeapSize                  = 122909434                              {pd product} {ergonomic}
    uintx ProfiledCodeHeapSize                     = 122909434                              {pd product} {ergonomic}
    uintx ReservedCodeCacheSize                    = 251658240                              {pd product} {ergonomic}
     bool SegmentedCodeCache                       = true                                      {product} {ergonomic}
   size_t SoftMaxHeapSize                          = 2103443456                             {manageable} {ergonomic}
     bool UseCompressedClassPointers               = true                           {product lp64_product} {ergonomic}
     bool UseCompressedOops                        = true                           {product lp64_product} {ergonomic}
     bool UseG1GC                                  = true                                      {product} {ergonomic}
     bool UseLargePagesIndividualAllocation        = false                                  {pd product} {ergonomic}

Logging:
Log output configuration:
 #0: stdout all=warning uptime,level,tags
 #1: stderr all=off uptime,level,tags

Environment Variables:
PATH=C:\Windows\system32;C:\Windows;C:\Windows\System32\Wbem;C:\Windows\System32\WindowsPowerShell\v1.0\;C:\Windows\System32\OpenSSH\;C:\Program Files\Git\cmd;C:\Users\Administrador\AppData\Local\Microsoft\WindowsApps;C:\Users\Administrador\AppData\Local\Programs\Microsoft VS Code\bin;C:\Users\Administrador\AppData\Local\GitHubDesktop\bin;C:\Program Files\JetBrains\IntelliJ IDEA Community Edition 2023.1.2\bin;
USERNAME=Administrador
OS=Windows_NT
PROCESSOR_IDENTIFIER=Intel64 Family 6 Model 165 Stepping 3, GenuineIntel



---------------  S Y S T E M  ---------------

OS:
 Windows 11 , 64 bit Build 22000 (10.0.22000.2003)
OS uptime: 0 days 0:59 hours

CPU: total 12 (initial active 12) (6 cores per cpu, 2 threads per core) family 6 model 165 stepping 3 microcode 0xe0, cx8, cmov, fxsr, ht, mmx, 3dnowpref, sse, sse2, sse3, ssse3, sse4.1, sse4.2, popcnt, lzcnt, tsc, tscinvbit, avx, avx2, aes, erms, clmul, bmi1, bmi2, adx, fma, vzeroupper, clflush, clflushopt

Memory: 4k page, system-wide physical 8022M (1579M free)
TotalPageFile size 10070M (AvailPageFile size 34M)
current process WorkingSet (physical memory assigned to process): 10M, peak: 10M
current process commit charge ("private bytes"): 64M, peak: 190M

vm_info: Java HotSpot(TM) 64-Bit Server VM (17.0.7+8-LTS-224) for windows-amd64 JRE (17.0.7+8-LTS-224), built on Feb 28 2023 23:03:02 by "mach5one" with MS VC++ 17.1 (VS2022)

END.
